2020-01-01 16:17:29,192 INFO (StartupInfoLogger.java:55)- Starting RunningApplication on DESKTOP-OKBD6RF with PID 24408 (H:\ZKing\Second\PrivateTutor\target\classes started by Administrator in H:\ZKing\Second\PrivateTutor)
2020-01-01 16:17:29,249 INFO (SpringApplication.java:651)- No active profile set, falling back to default profiles: default
2020-01-01 16:17:29,452 INFO (DeferredLog.java:225)- Devtools property defaults active! Set 'spring.devtools.add-properties' to 'false' to disable
2020-01-01 16:17:29,452 INFO (DeferredLog.java:225)- For additional web related logging consider setting the 'logging.level.web' property to 'DEBUG'
2020-01-01 16:17:32,994 WARN (ClassPathMapperScanner.java:166)- No MyBatis mapper was found in '[com.czb.privatetutor]' package. Please check your configuration.
2020-01-01 16:17:33,364 INFO (RepositoryConfigurationDelegate.java:249)- Multiple Spring Data modules found, entering strict repository configuration mode!
2020-01-01 16:17:33,374 INFO (RepositoryConfigurationDelegate.java:127)- Bootstrapping Spring Data Redis repositories in DEFAULT mode.
2020-01-01 16:17:33,411 INFO (RepositoryConfigurationDelegate.java:187)- Finished Spring Data repository scanning in 9ms. Found 0 Redis repository interfaces.
2020-01-01 16:17:34,086 INFO (PostProcessorRegistrationDelegate.java:330)- Bean 'org.springframework.transaction.annotation.ProxyTransactionManagementConfiguration' of type [org.springframework.transaction.annotation.ProxyTransactionManagementConfiguration] is not eligible for getting processed by all BeanPostProcessors (for example: not eligible for auto-proxying)
2020-01-01 16:17:34,158 INFO (PostProcessorRegistrationDelegate.java:330)- Bean 'org.springframework.security.config.annotation.configuration.ObjectPostProcessorConfiguration' of type [org.springframework.security.config.annotation.configuration.ObjectPostProcessorConfiguration] is not eligible for getting processed by all BeanPostProcessors (for example: not eligible for auto-proxying)
2020-01-01 16:17:34,162 INFO (PostProcessorRegistrationDelegate.java:330)- Bean 'objectPostProcessor' of type [org.springframework.security.config.annotation.configuration.AutowireBeanFactoryObjectPostProcessor] is not eligible for getting processed by all BeanPostProcessors (for example: not eligible for auto-proxying)
2020-01-01 16:17:34,165 INFO (PostProcessorRegistrationDelegate.java:330)- Bean 'org.springframework.security.access.expression.method.DefaultMethodSecurityExpressionHandler@4c40b821' of type [org.springframework.security.access.expression.method.DefaultMethodSecurityExpressionHandler] is not eligible for getting processed by all BeanPostProcessors (for example: not eligible for auto-proxying)
2020-01-01 16:17:34,167 INFO (PostProcessorRegistrationDelegate.java:330)- Bean 'org.springframework.security.config.annotation.method.configuration.GlobalMethodSecurityConfiguration' of type [org.springframework.security.config.annotation.method.configuration.GlobalMethodSecurityConfiguration] is not eligible for getting processed by all BeanPostProcessors (for example: not eligible for auto-proxying)
2020-01-01 16:17:34,174 INFO (PostProcessorRegistrationDelegate.java:330)- Bean 'methodSecurityMetadataSource' of type [org.springframework.security.access.method.DelegatingMethodSecurityMetadataSource] is not eligible for getting processed by all BeanPostProcessors (for example: not eligible for auto-proxying)
2020-01-01 16:17:34,800 INFO (TomcatWebServer.java:92)- Tomcat initialized with port(s): 8080 (http)
2020-01-01 16:17:34,811 INFO (DirectJDKLog.java:173)- Initializing ProtocolHandler ["http-nio-8080"]
2020-01-01 16:17:34,812 INFO (DirectJDKLog.java:173)- Starting service [Tomcat]
2020-01-01 16:17:34,813 INFO (DirectJDKLog.java:173)- Starting Servlet engine: [Apache Tomcat/9.0.29]
2020-01-01 16:17:35,051 INFO (DirectJDKLog.java:173)- Initializing Spring embedded WebApplicationContext
2020-01-01 16:17:35,052 INFO (ServletWebServerApplicationContext.java:284)- Root WebApplicationContext: initialization completed in 5599 ms
2020-01-01 16:17:35,315 INFO (DruidDataSourceAutoConfigure.java:56)- Init DruidDataSource
2020-01-01 16:17:35,577 INFO (DruidDataSource.java:930)- {dataSource-1} inited
2020-01-01 16:17:36,212 INFO (UserDetailsServiceAutoConfiguration.java:86)- 

Using generated security password: fa873f07-c62b-4199-b649-1d6dccf150ad

2020-01-01 16:17:36,341 INFO (DefaultSecurityFilterChain.java:43)- Creating filter chain: any request, [org.springframework.security.web.context.request.async.WebAsyncManagerIntegrationFilter@57c3440c, org.springframework.security.web.context.SecurityContextPersistenceFilter@54a629a8, org.springframework.security.web.header.HeaderWriterFilter@453f34b4, org.springframework.security.web.authentication.logout.LogoutFilter@41c54114, org.springframework.security.web.authentication.UsernamePasswordAuthenticationFilter@502df393, org.springframework.security.web.savedrequest.RequestCacheAwareFilter@2c9376b6, org.springframework.security.web.servletapi.SecurityContextHolderAwareRequestFilter@3f3cd5a, org.springframework.security.web.authentication.AnonymousAuthenticationFilter@37e72b14, org.springframework.security.web.session.SessionManagementFilter@39361b6a, org.springframework.security.web.access.ExceptionTranslationFilter@3e3a0818, org.springframework.security.web.access.intercept.FilterSecurityInterceptor@68a9251c]
2020-01-01 16:17:36,600 INFO (ExecutorConfigurationSupport.java:171)- Initializing ExecutorService 'applicationTaskExecutor'
2020-01-01 16:17:36,755 INFO (WelcomePageHandlerMapping.java:58)- Adding welcome page template: index
2020-01-01 16:17:38,200 INFO (OptionalLiveReloadServer.java:58)- LiveReload server is running on port 35729
2020-01-01 16:17:38,206 INFO (EndpointLinksResolver.java:58)- Exposing 2 endpoint(s) beneath base path '/actuator'
2020-01-01 16:17:38,294 INFO (DirectJDKLog.java:173)- Starting ProtocolHandler ["http-nio-8080"]
2020-01-01 16:17:38,319 INFO (TomcatWebServer.java:204)- Tomcat started on port(s): 8080 (http) with context path ''
2020-01-01 16:17:38,322 INFO (StartupInfoLogger.java:61)- Started RunningApplication in 12.302 seconds (JVM running for 18.252)
2020-01-01 16:17:39,697 INFO (DirectJDKLog.java:173)- Initializing Spring DispatcherServlet 'dispatcherServlet'
2020-01-01 16:17:39,700 INFO (FrameworkServlet.java:525)- Initializing Servlet 'dispatcherServlet'
2020-01-01 16:17:39,739 INFO (FrameworkServlet.java:547)- Completed initialization in 38 ms
2020-01-01 16:17:42,904 INFO (EpollProvider.java:68)- Starting without optional epoll library
2020-01-01 16:17:42,905 INFO (KqueueProvider.java:70)- Starting without optional kqueue library
